<?xml version="1.0" encoding="UTF-8"?>
<!-- Generated by org.testng.reporters.JUnitXMLReporter -->
<testsuite hostname="naveenautomationlabss-MacBook-Pro.local" ignored="0" name="Default test" tests="1" failures="0" timestamp="2023-08-03T12:13:52 IST" time="0.308" errors="0">
  <testcase name="@BeforeTest setup" time="-1.691045032629E9" classname="com.qa.api.base.BaseTest">
    <failure type="org.testng.TestNGException" message="
Parameter &amp;apos;baseURI&amp;apos; is required by BeforeTest on method setup but has not been marked @Optional or defined
in /private/var/folders/_s/grkxq_lj10v_tqx8jd_71sl80000gn/T/testng-eclipse-1708233489/testng-customsuite.xml">
      <![CDATA[org.testng.TestNGException: 
Parameter 'baseURI' is required by BeforeTest on method setup but has not been marked @Optional or defined
in /private/var/folders/_s/grkxq_lj10v_tqx8jd_71sl80000gn/T/testng-eclipse-1708233489/testng-customsuite.xml
at org.testng.internal.Parameters.createParams(Parameters.java:289)
at org.testng.internal.Parameters.createParametersForMethod(Parameters.java:377)
at org.testng.internal.Parameters.createParameters(Parameters.java:721)
at org.testng.internal.Parameters.createConfigurationParameters(Parameters.java:164)
at org.testng.internal.ConfigInvoker.invokeConfigurations(ConfigInvoker.java:275)
at org.testng.TestRunner.invokeTestConfigurations(TestRunner.java:623)
at org.testng.TestRunner.beforeRun(TestRunner.java:613)
at org.testng.TestRunner.run(TestRunner.java:584)
at org.testng.SuiteRunner.runTest(SuiteRunner.java:402)
at org.testng.SuiteRunner.runSequentially(SuiteRunner.java:396)
at org.testng.SuiteRunner.privateRun(SuiteRunner.java:355)
at org.testng.SuiteRunner.run(SuiteRunner.java:304)
at org.testng.SuiteRunnerWorker.runSuite(SuiteRunnerWorker.java:53)
at org.testng.SuiteRunnerWorker.run(SuiteRunnerWorker.java:96)
at org.testng.TestNG.runSuitesSequentially(TestNG.java:1180)
at org.testng.TestNG.runSuitesLocally(TestNG.java:1102)
at org.testng.TestNG.runSuites(TestNG.java:1032)
at org.testng.TestNG.run(TestNG.java:1000)
at org.testng.remote.AbstractRemoteTestNG.run(AbstractRemoteTestNG.java:115)
at org.testng.remote.RemoteTestNG.initAndRun(RemoteTestNG.java:251)
at org.testng.remote.RemoteTestNG.main(RemoteTestNG.java:77)
]]>
    </failure>
  </testcase> <!-- @BeforeTest setup -->
  <testcase name="@BeforeMethod getAccessToken" time="-1.691045032905E9" classname="com.qa.api.tests.AmadeusFlightAPITest">
    <skipped/>
  </testcase> <!-- @BeforeMethod getAccessToken -->
  <testcase name="getFlightInfoTest" time="0.0" classname="com.qa.api.tests.AmadeusFlightAPITest">
    <skipped/>
  </testcase> <!-- getFlightInfoTest -->
</testsuite> <!-- Default test -->
